<?xml version="1.0" encoding="UTF-8"?>
<!-- Generated by org.testng.reporters.JUnitReportReporter -->
<testsuite hostname="DESKTOP-5FMQ87A" failures="0" tests="1" name="runner.RunnerTest$MyTestNGRunnerTest" time="38.944" errors="0" timestamp="2024-05-22T16:19:00 IST" skipped="0">
  <testcase classname="runner.RunnerTest$MyTestNGRunnerTest" name="runScenario" time="38.944"/>
</testsuite> <!-- runner.RunnerTest$MyTestNGRunnerTest -->
